0 info it worked if it ends with ok
1 verbose cli [ '/home/jeongwon/.nvm/v0.8.28/bin/node',
1 verbose cli   '/home/jeongwon/.nvm/v0.8.28/bin/npm',
1 verbose cli   'install' ]
2 info using npm@1.2.30
3 info using node@v0.8.28
4 verbose read json /mnt/c/coding/vscode/package.json
5 error install Couldn't read dependencies
6 error Error: ENOENT, open '/mnt/c/coding/vscode/package.json'
7 error If you need help, you may report this log at:
7 error     <http://github.com/isaacs/npm/issues>
7 error or email it to:
7 error     <npm-@googlegroups.com>
8 error System Linux 5.10.16.3-microsoft-standard-WSL2
9 error command "/home/jeongwon/.nvm/v0.8.28/bin/node" "/home/jeongwon/.nvm/v0.8.28/bin/npm" "install"
10 error cwd /mnt/c/coding/vscode
11 error node -v v0.8.28
12 error npm -v 1.2.30
13 error path /mnt/c/coding/vscode/package.json
14 error code ENOENT
15 error errno 34
16 verbose exit [ 34, true ]
